0 info it worked if it ends with ok
1 verbose cli [ 'C:\\Program Files\\nodejs\\node.exe',
1 verbose cli   'C:\\Program Files\\nodejs\\node_modules\\npm\\bin\\npm-cli.js',
1 verbose cli   'start' ]
2 info using npm@3.10.9
3 info using node@v6.9.2
4 verbose run-script [ 'prestart', 'start', 'poststart' ]
5 info lifecycle code-breaker-project@1.0.0~prestart: code-breaker-project@1.0.0
6 silly lifecycle code-breaker-project@1.0.0~prestart: no script for prestart, continuing
7 info lifecycle code-breaker-project@1.0.0~start: code-breaker-project@1.0.0
8 verbose lifecycle code-breaker-project@1.0.0~start: unsafe-perm in lifecycle true
9 verbose lifecycle code-breaker-project@1.0.0~start: PATH: C:\Program Files\nodejs\node_modules\npm\bin\node-gyp-bin;D:\CodeBreakerProject\node_modules\.bin;C:\Program Files\Common Files\Microsoft Shared\Microsoft Online Services;C:\Program Files (x86)\Common Files\Microsoft Shared\Microsoft Online Services;C:\windows\system32;C:\windows;C:\windows\System32\Wbem;C:\windows\System32\WindowsPowerShell\v1.0\;C:\Program Files\TortoiseSVN\bin;C:\Program Files (x86)\Microsoft Application Virtualization Client;C:\Program Files (x86)\Skype\Phone\;C:\Program Files\nodejs\;C:\Program Files\Internet Explorer;C:\Program Files\Microsoft Office\Office15\;C:\Program Files\Common Files\Microsoft Shared\Microsoft Online Services;C:\Program Files (x86)\Common Files\Microsoft Shared\Microsoft Online Services;C:\windows\system32;C:\windows;C:\windows\System32\Wbem;C:\windows\System32\WindowsPowerShell\v1.0\;C:\Program Files\TortoiseSVN\bin;C:\Program Files (x86)\Microsoft Application Virtualization Client;C:\Program Files (x86)\Skype\Phone\;C:\Users\M1039111\AppData\Roaming\npm
10 verbose lifecycle code-breaker-project@1.0.0~start: CWD: D:\CodeBreakerProject
11 silly lifecycle code-breaker-project@1.0.0~start: Args: [ '/d /s /c',
11 silly lifecycle   'browser-sync start --server ./src --files ./src' ]
12 silly lifecycle code-breaker-project@1.0.0~start: Returned: code: 1  signal: null
13 info lifecycle code-breaker-project@1.0.0~start: Failed to exec start script
14 verbose stack Error: code-breaker-project@1.0.0 start: `browser-sync start --server ./src --files ./src`
14 verbose stack Exit status 1
14 verbose stack     at EventEmitter.<anonymous> (C:\Program Files\nodejs\node_modules\npm\lib\utils\lifecycle.js:255:16)
14 verbose stack     at emitTwo (events.js:106:13)
14 verbose stack     at EventEmitter.emit (events.js:191:7)
14 verbose stack     at ChildProcess.<anonymous> (C:\Program Files\nodejs\node_modules\npm\lib\utils\spawn.js:40:14)
14 verbose stack     at emitTwo (events.js:106:13)
14 verbose stack     at ChildProcess.emit (events.js:191:7)
14 verbose stack     at maybeClose (internal/child_process.js:877:16)
14 verbose stack     at Process.ChildProcess._handle.onexit (internal/child_process.js:226:5)
15 verbose pkgid code-breaker-project@1.0.0
16 verbose cwd D:\CodeBreakerProject
17 error Windows_NT 6.3.9600
18 error argv "C:\\Program Files\\nodejs\\node.exe" "C:\\Program Files\\nodejs\\node_modules\\npm\\bin\\npm-cli.js" "start"
19 error node v6.9.2
20 error npm  v3.10.9
21 error code ELIFECYCLE
22 error code-breaker-project@1.0.0 start: `browser-sync start --server ./src --files ./src`
22 error Exit status 1
23 error Failed at the code-breaker-project@1.0.0 start script 'browser-sync start --server ./src --files ./src'.
23 error Make sure you have the latest version of node.js and npm installed.
23 error If you do, this is most likely a problem with the code-breaker-project package,
23 error not with npm itself.
23 error Tell the author that this fails on your system:
23 error     browser-sync start --server ./src --files ./src
23 error You can get information on how to open an issue for this project with:
23 error     npm bugs code-breaker-project
23 error Or if that isn't available, you can get their info via:
23 error     npm owner ls code-breaker-project
23 error There is likely additional logging output above.
24 verbose exit [ 1, true ]
